<?xml version="1.0" encoding="UTF-8"?>
<!-- Generated by org.testng.reporters.JUnitReportReporter -->
<testsuite skipped="0" hostname="DESKTOP-QQD91AV" name="com.selbot.testcases.TC001_DuplicateLead" tests="2" failures="0" timestamp="20 Apr 2019 11:23:21 GMT" time="217.027" errors="0">
  <testcase name="createLead" time="82.249" classname="com.selbot.testcases.TC001_DuplicateLead"/>
  <testcase name="createLead" time="134.778" classname="com.selbot.testcases.TC001_DuplicateLead"/>
</testsuite> <!-- com.selbot.testcases.TC001_DuplicateLead -->
