<?xml version="1.0" encoding="UTF-8"?>
<!-- Generated by org.testng.reporters.JUnitReportReporter -->
<testsuite skipped="0" hostname="DESKTOP-8V9ACPV" name="week5.day2.DuplicateLead" tests="2" failures="0" timestamp="14 Apr 2019 03:40:29 GMT" time="36.962" errors="0">
  <testcase name="dupLead" time="18.369" classname="week5.day2.DuplicateLead"/>
  <testcase name="dupLead" time="18.593" classname="week5.day2.DuplicateLead"/>
</testsuite> <!-- week5.day2.DuplicateLead -->
