<?xml version="1.0" encoding="UTF-8"?>
<!-- Generated by org.testng.reporters.JUnitReportReporter -->
<testsuite skipped="0" hostname="DESKTOP-8V9ACPV" name="week5.day2.MergeLead" tests="2" failures="0" timestamp="14 Apr 2019 03:40:29 GMT" time="57.865" errors="0">
  <testcase name="mergeLead" time="30.653" classname="week5.day2.MergeLead"/>
  <testcase name="mergeLead" time="27.212" classname="week5.day2.MergeLead"/>
</testsuite> <!-- week5.day2.MergeLead -->
