<?xml version="1.0" encoding="UTF-8"?>
<!-- Generated by org.testng.reporters.JUnitReportReporter -->
<testsuite skipped="0" hostname="DESKTOP-8V9ACPV" name="week5.day1.LearnAtTest" tests="1" failures="0" timestamp="06 Apr 2019 05:33:57 GMT" time="0.014" errors="0">
  <testcase name="takebreak" time="0.014" classname="week5.day1.LearnAtTest"/>
</testsuite> <!-- week5.day1.LearnAtTest -->
