<?xml version="1.0" encoding="UTF-8"?>
<!-- Generated by org.testng.reporters.JUnitReportReporter -->
<testsuite skipped="0" hostname="DESKTOP-8V9ACPV" name="runner.RunTest" tests="2" failures="0" timestamp="13 Apr 2019 07:27:18 GMT" time="35.090" errors="0">
  <testcase name="runScenario" time="27.969" classname="runner.RunTest"/>
  <testcase name="runScenario" time="7.121" classname="runner.RunTest"/>
</testsuite> <!-- runner.RunTest -->
