<?xml version="1.0" encoding="UTF-8"?>
<!-- Generated by org.testng.reporters.JUnitReportReporter -->
<testsuite skipped="0" hostname="DESKTOP-8V9ACPV" name="week5.day2.DeleteLead" tests="2" failures="0" timestamp="14 Apr 2019 03:42:58 GMT" time="39.128" errors="0">
  <testcase name="delLead" time="19.379" classname="week5.day2.DeleteLead"/>
  <testcase name="delLead" time="19.749" classname="week5.day2.DeleteLead"/>
</testsuite> <!-- week5.day2.DeleteLead -->
