<?xml version="1.0" encoding="UTF-8"?>
<!-- Generated by org.testng.reporters.JUnitReportReporter -->
<testsuite skipped="0" hostname="DESKTOP-8V9ACPV" name="week5.day2.EditLead" tests="2" failures="0" timestamp="14 Apr 2019 03:40:29 GMT" time="40.744" errors="0">
  <testcase name="delLead" time="20.021" classname="week5.day2.EditLead"/>
  <testcase name="delLead" time="20.723" classname="week5.day2.EditLead"/>
</testsuite> <!-- week5.day2.EditLead -->
