<?xml version="1.0" encoding="UTF-8"?>
<!-- Generated by org.testng.reporters.JUnitReportReporter -->
<testsuite skipped="0" hostname="DESKTOP-6Q0G8IC" name="testcases.TC001_Login" tests="2" failures="0" timestamp="13 Apr 2019 18:04:26 GMT" time="12.403" errors="0">
  <testcase name="login" time="6.604" classname="testcases.TC001_Login"/>
  <testcase name="login" time="5.799" classname="testcases.TC001_Login"/>
</testsuite> <!-- testcases.TC001_Login -->
