<?xml version="1.0" encoding="UTF-8"?>
<!-- Generated by org.testng.reporters.JUnitReportReporter -->
<testsuite hostname="DESKTOP-8V9ACPV" name="week4.day1.LearnWindows" tests="1" failures="0" timestamp="7 Apr 2019 03:48:04 GMT" time="10.638" errors="0">
  <testcase name="main" time="10.638" classname="week4.day1.LearnWindows"/>
</testsuite> <!-- week4.day1.LearnWindows -->
